                                                     QUERY PLAN                                                     
--------------------------------------------------------------------------------------------------------------------
 [                                                                                                                 +
   {                                                                                                               +
     "Plan": {                                                                                                     +
       "Node Type": "Limit",                                                                                       +
       "Slice": 0,                                                                                                 +
       "Segments": 0,                                                                                              +
       "Gang Type": "unallocated",                                                                                 +
       "Startup Cost": 0.00,                                                                                       +
       "Total Cost": 7480.01,                                                                                      +
       "Plan Rows": 20,                                                                                            +
       "Plan Width": 48,                                                                                           +
       "Actual Startup Time": 2152.305,                                                                            +
       "Actual Total Time": 2152.313,                                                                              +
       "Actual Rows": 20,                                                                                          +
       "Actual Loops": 1,                                                                                          +
       "Plans": [                                                                                                  +
         {                                                                                                         +
           "Node Type": "Sort",                                                                                    +
           "Parent Relationship": "Outer",                                                                         +
           "Slice": 0,                                                                                             +
           "Segments": 0,                                                                                          +
           "Gang Type": "unallocated",                                                                             +
           "Startup Cost": 0.00,                                                                                   +
           "Total Cost": 7480.01,                                                                                  +
           "Plan Rows": 4721,                                                                                      +
           "Plan Width": 48,                                                                                       +
           "Actual Startup Time": 2152.302,                                                                        +
           "Actual Total Time": 2152.305,                                                                          +
           "Actual Rows": 20,                                                                                      +
           "Actual Loops": 1,                                                                                      +
           "Sort Key": ["post_p1.m_creationdate", "post_p1.m_messageid"],                                          +
           "Sort Method": "top-N heapsort",                                                                        +
           "Sort Space Used": 25,                                                                                  +
           "Sort Space Type": "Memory",                                                                            +
           "Plans": [                                                                                              +
             {                                                                                                     +
               "Node Type": "Gather Motion",                                                                       +
               "Senders": 1,                                                                                       +
               "Receivers": 1,                                                                                     +
               "Parent Relationship": "Outer",                                                                     +
               "Slice": 3,                                                                                         +
               "Segments": 1,                                                                                      +
               "Gang Type": "primary reader",                                                                      +
               "Startup Cost": 0.00,                                                                               +
               "Total Cost": 7464.33,                                                                              +
               "Plan Rows": 4721,                                                                                  +
               "Plan Width": 48,                                                                                   +
               "Actual Startup Time": 549.754,                                                                     +
               "Actual Total Time": 2148.998,                                                                      +
               "Actual Rows": 3491,                                                                                +
               "Actual Loops": 1,                                                                                  +
               "Plans": [                                                                                          +
                 {                                                                                                 +
                   "Node Type": "Result",                                                                          +
                   "Parent Relationship": "Outer",                                                                 +
                   "Slice": 3,                                                                                     +
                   "Segments": 1,                                                                                  +
                   "Gang Type": "primary reader",                                                                  +
                   "Startup Cost": 0.00,                                                                           +
                   "Total Cost": 7462.80,                                                                          +
                   "Plan Rows": 4721,                                                                              +
                   "Plan Width": 48,                                                                               +
                   "Actual Startup Time": 509.949,                                                                 +
                   "Actual Total Time": 2148.329,                                                                  +
                   "Actual Rows": 3491,                                                                            +
                   "Actual Loops": 1,                                                                              +
                   "Plans": [                                                                                      +
                     {                                                                                             +
                       "Node Type": "Hash Join",                                                                   +
                       "Parent Relationship": "Outer",                                                             +
                       "Slice": 3,                                                                                 +
                       "Segments": 1,                                                                              +
                       "Gang Type": "primary reader",                                                              +
                       "Join Type": "Inner",                                                                       +
                       "Startup Cost": 0.00,                                                                       +
                       "Total Cost": 7462.57,                                                                      +
                       "Plan Rows": 4721,                                                                          +
                       "Plan Width": 81,                                                                           +
                       "Actual Startup Time": 509.948,                                                             +
                       "Actual Total Time": 2147.768,                                                              +
                       "Actual Rows": 3491,                                                                        +
                       "Actual Loops": 1,                                                                          +
                       "Hash Cond": "(\"outer\".m_creatorid = person_p1.p_personid)",                              +
                       "Extra Text": [                                                                             +
                         {                                                                                         +
                           "Extra Text": "Hash chain length 1.0 avg, 1 max, using 9 of 262144 buckets."            +
                         }                                                                                         +
                       ],                                                                                          +
                       "Plans": [                                                                                  +
                         {                                                                                         +
                           "Node Type": "Append",                                                                  +
                           "Parent Relationship": "Outer",                                                         +
                           "Slice": 3,                                                                             +
                           "Segments": 1,                                                                          +
                           "Gang Type": "primary reader",                                                          +
                           "Startup Cost": 0.00,                                                                   +
                           "Total Cost": 5034.89,                                                                  +
                           "Plan Rows": 1222308,                                                                   +
                           "Plan Width": 67,                                                                       +
                           "Actual Startup Time": 0.042,                                                           +
                           "Actual Total Time": 1950.338,                                                          +
                           "Actual Rows": 3055770,                                                                 +
                           "Actual Loops": 1,                                                                      +
                           "Plans": [                                                                              +
                             {                                                                                     +
                               "Node Type": "Result",                                                              +
                               "Parent Relationship": "Member",                                                    +
                               "Slice": 3,                                                                         +
                               "Segments": 1,                                                                      +
                               "Gang Type": "primary reader",                                                      +
                               "Startup Cost": 0.00,                                                               +
                               "Total Cost": 2347.44,                                                              +
                               "Plan Rows": 401442,                                                                +
                               "Plan Width": 67,                                                                   +
                               "Actual Startup Time": 0.041,                                                       +
                               "Actual Total Time": 675.112,                                                       +
                               "Actual Rows": 1003605,                                                             +
                               "Actual Loops": 1,                                                                  +
                               "Plans": [                                                                          +
                                 {                                                                                 +
                                   "Node Type": "Append",                                                          +
                                   "Parent Relationship": "Outer",                                                 +
                                   "Slice": 3,                                                                     +
                                   "Segments": 1,                                                                  +
                                   "Gang Type": "primary reader",                                                  +
                                   "Startup Cost": 0.00,                                                           +
                                   "Total Cost": 2320.54,                                                          +
                                   "Plan Rows": 401442,                                                            +
                                   "Plan Width": 67,                                                               +
                                   "Actual Startup Time": 0.040,                                                   +
                                   "Actual Total Time": 468.824,                                                   +
                                   "Actual Rows": 1003605,                                                         +
                                   "Actual Loops": 1,                                                              +
                                   "Plans": [                                                                      +
                                     {                                                                             +
                                       "Node Type": "Result",                                                      +
                                       "Parent Relationship": "Member",                                            +
                                       "Slice": 3,                                                                 +
                                       "Segments": 1,                                                              +
                                       "Gang Type": "primary reader",                                              +
                                       "Startup Cost": 0.00,                                                       +
                                       "Total Cost": 464.16,                                                       +
                                       "Plan Rows": 80288,                                                         +
                                       "Plan Width": 67,                                                           +
                                       "Actual Startup Time": 0.040,                                               +
                                       "Actual Total Time": 98.826,                                                +
                                       "Actual Rows": 200721,                                                      +
                                       "Actual Loops": 1,                                                          +
                                       "Plans": [                                                                  +
                                         {                                                                         +
                                           "Node Type": "Seq Scan",                                                +
                                           "Parent Relationship": "Outer",                                         +
                                           "Slice": 3,                                                             +
                                           "Segments": 1,                                                          +
                                           "Gang Type": "primary reader",                                          +
                                           "Relation Name": "post_p1",                                             +
                                           "Alias": "post_p1",                                                     +
                                           "Startup Cost": 0.00,                                                   +
                                           "Total Cost": 458.78,                                                   +
                                           "Plan Rows": 80288,                                                     +
                                           "Plan Width": 59,                                                       +
                                           "Actual Startup Time": 0.040,                                           +
                                           "Actual Total Time": 70.962,                                            +
                                           "Actual Rows": 200721,                                                  +
                                           "Actual Loops": 1,                                                      +
                                           "Filter": "(m_creationdate <= '2012-11-28'::date)",                     +
                                           "Rows Removed by Filter": 0                                             +
                                         }                                                                         +
                                       ]                                                                           +
                                     },                                                                            +
                                     {                                                                             +
                                       "Node Type": "Result",                                                      +
                                       "Parent Relationship": "Member",                                            +
                                       "Slice": 3,                                                                 +
                                       "Segments": 1,                                                              +
                                       "Gang Type": "primary reader",                                              +
                                       "Startup Cost": 0.00,                                                       +
                                       "Total Cost": 456.74,                                                       +
                                       "Plan Rows": 80288,                                                         +
                                       "Plan Width": 50,                                                           +
                                       "Actual Startup Time": 0.017,                                               +
                                       "Actual Total Time": 77.325,                                                +
                                       "Actual Rows": 200721,                                                      +
                                       "Actual Loops": 1,                                                          +
                                       "Plans": [                                                                  +
                                         {                                                                         +
                                           "Node Type": "Seq Scan",                                                +
                                           "Parent Relationship": "Outer",                                         +
                                           "Slice": 3,                                                             +
                                           "Segments": 1,                                                          +
                                           "Gang Type": "primary reader",                                          +
                                           "Relation Name": "post_p2",                                             +
                                           "Alias": "post_p2",                                                     +
                                           "Startup Cost": 0.00,                                                   +
                                           "Total Cost": 452.73,                                                   +
                                           "Plan Rows": 80288,                                                     +
                                           "Plan Width": 34,                                                       +
                                           "Actual Startup Time": 0.017,                                           +
                                           "Actual Total Time": 52.886,                                            +
                                           "Actual Rows": 200721,                                                  +
                                           "Actual Loops": 1,                                                      +
                                           "Filter": "(m_creationdate <= '2012-11-28'::date)",                     +
                                           "Rows Removed by Filter": 0                                             +
                                         }                                                                         +
                                       ]                                                                           +
                                     },                                                                            +
                                     {                                                                             +
                                       "Node Type": "Result",                                                      +
                                       "Parent Relationship": "Member",                                            +
                                       "Slice": 3,                                                                 +
                                       "Segments": 1,                                                              +
                                       "Gang Type": "primary reader",                                              +
                                       "Startup Cost": 0.00,                                                       +
                                       "Total Cost": 458.38,                                                       +
                                       "Plan Rows": 80288,                                                         +
                                       "Plan Width": 50,                                                           +
                                       "Actual Startup Time": 0.012,                                               +
                                       "Actual Total Time": 86.793,                                                +
                                       "Actual Rows": 200721,                                                      +
                                       "Actual Loops": 1,                                                          +
                                       "Plans": [                                                                  +
                                         {                                                                         +
                                           "Node Type": "Seq Scan",                                                +
                                           "Parent Relationship": "Outer",                                         +
                                           "Slice": 3,                                                             +
                                           "Segments": 1,                                                          +
                                           "Gang Type": "primary reader",                                          +
                                           "Relation Name": "post_p3",                                             +
                                           "Alias": "post_p3",                                                     +
                                           "Startup Cost": 0.00,                                                   +
                                           "Total Cost": 454.36,                                                   +
                                           "Plan Rows": 80288,                                                     +
                                           "Plan Width": 42,                                                       +
                                           "Actual Startup Time": 0.011,                                           +
                                           "Actual Total Time": 61.951,                                            +
                                           "Actual Rows": 200721,                                                  +
                                           "Actual Loops": 1,                                                      +
                                           "Filter": "(m_creationdate <= '2012-11-28'::date)",                     +
                                           "Rows Removed by Filter": 0                                             +
                                         }                                                                         +
                                       ]                                                                           +
                                     },                                                                            +
                                     {                                                                             +
                                       "Node Type": "Result",                                                      +
                                       "Parent Relationship": "Member",                                            +
                                       "Slice": 3,                                                                 +
                                       "Segments": 1,                                                              +
                                       "Gang Type": "primary reader",                                              +
                                       "Startup Cost": 0.00,                                                       +
                                       "Total Cost": 457.18,                                                       +
                                       "Plan Rows": 80288,                                                         +
                                       "Plan Width": 50,                                                           +
                                       "Actual Startup Time": 0.018,                                               +
                                       "Actual Total Time": 65.260,                                                +
                                       "Actual Rows": 200721,                                                      +
                                       "Actual Loops": 1,                                                          +
                                       "Plans": [                                                                  +
                                         {                                                                         +
                                           "Node Type": "Seq Scan",                                                +
                                           "Parent Relationship": "Outer",                                         +
                                           "Slice": 3,                                                             +
                                           "Segments": 1,                                                          +
                                           "Gang Type": "primary reader",                                          +
                                           "Relation Name": "post_p4",                                             +
                                           "Alias": "post_p4",                                                     +
                                           "Startup Cost": 0.00,                                                   +
                                           "Total Cost": 453.17,                                                   +
                                           "Plan Rows": 80288,                                                     +
                                           "Plan Width": 34,                                                       +
                                           "Actual Startup Time": 0.018,                                           +
                                           "Actual Total Time": 44.668,                                            +
                                           "Actual Rows": 200721,                                                  +
                                           "Actual Loops": 1,                                                      +
                                           "Filter": "(m_creationdate <= '2012-11-28'::date)",                     +
                                           "Rows Removed by Filter": 0                                             +
                                         }                                                                         +
                                       ]                                                                           +
                                     },                                                                            +
                                     {                                                                             +
                                       "Node Type": "Result",                                                      +
                                       "Parent Relationship": "Member",                                            +
                                       "Slice": 3,                                                                 +
                                       "Segments": 1,                                                              +
                                       "Gang Type": "primary reader",                                              +
                                       "Startup Cost": 0.00,                                                       +
                                       "Total Cost": 457.18,                                                       +
                                       "Plan Rows": 80288,                                                         +
                                       "Plan Width": 50,                                                           +
                                       "Actual Startup Time": 0.011,                                               +
                                       "Actual Total Time": 58.813,                                                +
                                       "Actual Rows": 200721,                                                      +
                                       "Actual Loops": 1,                                                          +
                                       "Plans": [                                                                  +
                                         {                                                                         +
                                           "Node Type": "Seq Scan",                                                +
                                           "Parent Relationship": "Outer",                                         +
                                           "Slice": 3,                                                             +
                                           "Segments": 1,                                                          +
                                           "Gang Type": "primary reader",                                          +
                                           "Relation Name": "post_p5",                                             +
                                           "Alias": "post_p5",                                                     +
                                           "Startup Cost": 0.00,                                                   +
                                           "Total Cost": 453.17,                                                   +
                                           "Plan Rows": 80288,                                                     +
                                           "Plan Width": 34,                                                       +
                                           "Actual Startup Time": 0.009,                                           +
                                           "Actual Total Time": 40.333,                                            +
                                           "Actual Rows": 200721,                                                  +
                                           "Actual Loops": 1,                                                      +
                                           "Filter": "(m_creationdate <= '2012-11-28'::date)",                     +
                                           "Rows Removed by Filter": 0                                             +
                                         }                                                                         +
                                       ]                                                                           +
                                     }                                                                             +
                                   ]                                                                               +
                                 }                                                                                 +
                               ]                                                                                   +
                             },                                                                                    +
                             {                                                                                     +
                               "Node Type": "Result",                                                              +
                               "Parent Relationship": "Member",                                                    +
                               "Slice": 3,                                                                         +
                               "Segments": 1,                                                                      +
                               "Gang Type": "primary reader",                                                      +
                               "Startup Cost": 0.00,                                                               +
                               "Total Cost": 2605.56,                                                              +
                               "Plan Rows": 820866,                                                                +
                               "Plan Width": 66,                                                                   +
                               "Actual Startup Time": 0.066,                                                       +
                               "Actual Total Time": 1011.799,                                                      +
                               "Actual Rows": 2052165,                                                             +
                               "Actual Loops": 1,                                                                  +
                               "Plans": [                                                                          +
                                 {                                                                                 +
                                   "Node Type": "Append",                                                          +
                                   "Parent Relationship": "Outer",                                                 +
                                   "Slice": 3,                                                                     +
                                   "Segments": 1,                                                                  +
                                   "Gang Type": "primary reader",                                                  +
                                   "Startup Cost": 0.00,                                                           +
                                   "Total Cost": 2551.38,                                                          +
                                   "Plan Rows": 820866,                                                            +
                                   "Plan Width": 74,                                                               +
                                   "Actual Startup Time": 0.065,                                                   +
                                   "Actual Total Time": 823.042,                                                   +
                                   "Actual Rows": 2052165,                                                         +
                                   "Actual Loops": 1,                                                              +
                                   "Plans": [                                                                      +
                                     {                                                                             +
                                       "Node Type": "Result",                                                      +
                                       "Parent Relationship": "Member",                                            +
                                       "Slice": 3,                                                                 +
                                       "Segments": 1,                                                              +
                                       "Gang Type": "primary reader",                                              +
                                       "Startup Cost": 0.00,                                                       +
                                       "Total Cost": 496.07,                                                       +
                                       "Plan Rows": 164173,                                                        +
                                       "Plan Width": 74,                                                           +
                                       "Actual Startup Time": 0.064,                                               +
                                       "Actual Total Time": 136.123,                                               +
                                       "Actual Rows": 410433,                                                      +
                                       "Actual Loops": 1,                                                          +
                                       "Plans": [                                                                  +
                                         {                                                                         +
                                           "Node Type": "Seq Scan",                                                +
                                           "Parent Relationship": "Outer",                                         +
                                           "Slice": 3,                                                             +
                                           "Segments": 1,                                                          +
                                           "Gang Type": "primary reader",                                          +
                                           "Relation Name": "comment_p1",                                          +
                                           "Alias": "comment_p1",                                                  +
                                           "Startup Cost": 0.00,                                                   +
                                           "Total Cost": 483.93,                                                   +
                                           "Plan Rows": 164173,                                                    +
                                           "Plan Width": 50,                                                       +
                                           "Actual Startup Time": 0.064,                                           +
                                           "Actual Total Time": 96.140,                                            +
                                           "Actual Rows": 410433,                                                  +
                                           "Actual Loops": 1,                                                      +
                                           "Filter": "(m_creationdate <= '2012-11-28'::date)",                     +
                                           "Rows Removed by Filter": 0                                             +
                                         }                                                                         +
                                       ]                                                                           +
                                     },                                                                            +
                                     {                                                                             +
                                       "Node Type": "Result",                                                      +
                                       "Parent Relationship": "Member",                                            +
                                       "Slice": 3,                                                                 +
                                       "Segments": 1,                                                              +
                                       "Gang Type": "primary reader",                                              +
                                       "Startup Cost": 0.00,                                                       +
                                       "Total Cost": 499.42,                                                       +
                                       "Plan Rows": 164173,                                                        +
                                       "Plan Width": 74,                                                           +
                                       "Actual Startup Time": 0.032,                                               +
                                       "Actual Total Time": 139.877,                                               +
                                       "Actual Rows": 410433,                                                      +
                                       "Actual Loops": 1,                                                          +
                                       "Plans": [                                                                  +
                                         {                                                                         +
                                           "Node Type": "Seq Scan",                                                +
                                           "Parent Relationship": "Outer",                                         +
                                           "Slice": 3,                                                             +
                                           "Segments": 1,                                                          +
                                           "Gang Type": "primary reader",                                          +
                                           "Relation Name": "comment_p2",                                          +
                                           "Alias": "comment_p2",                                                  +
                                           "Startup Cost": 0.00,                                                   +
                                           "Total Cost": 487.27,                                                   +
                                           "Plan Rows": 164173,                                                    +
                                           "Plan Width": 58,                                                       +
                                           "Actual Startup Time": 0.032,                                           +
                                           "Actual Total Time": 100.947,                                           +
                                           "Actual Rows": 410433,                                                  +
                                           "Actual Loops": 1,                                                      +
                                           "Filter": "(m_creationdate <= '2012-11-28'::date)",                     +
                                           "Rows Removed by Filter": 0                                             +
                                         }                                                                         +
                                       ]                                                                           +
                                     },                                                                            +
                                     {                                                                             +
                                       "Node Type": "Result",                                                      +
                                       "Parent Relationship": "Member",                                            +
                                       "Slice": 3,                                                                 +
                                       "Segments": 1,                                                              +
                                       "Gang Type": "primary reader",                                              +
                                       "Startup Cost": 0.00,                                                       +
                                       "Total Cost": 496.75,                                                       +
                                       "Plan Rows": 164173,                                                        +
                                       "Plan Width": 74,                                                           +
                                       "Actual Startup Time": 0.038,                                               +
                                       "Actual Total Time": 133.036,                                               +
                                       "Actual Rows": 410433,                                                      +
                                       "Actual Loops": 1,                                                          +
                                       "Plans": [                                                                  +
                                         {                                                                         +
                                           "Node Type": "Seq Scan",                                                +
                                           "Parent Relationship": "Outer",                                         +
                                           "Slice": 3,                                                             +
                                           "Segments": 1,                                                          +
                                           "Gang Type": "primary reader",                                          +
                                           "Relation Name": "comment_p3",                                          +
                                           "Alias": "comment_p3",                                                  +
                                           "Startup Cost": 0.00,                                                   +
                                           "Total Cost": 484.60,                                                   +
                                           "Plan Rows": 164173,                                                    +
                                           "Plan Width": 50,                                                       +
                                           "Actual Startup Time": 0.035,                                           +
                                           "Actual Total Time": 94.020,                                            +
                                           "Actual Rows": 410433,                                                  +
                                           "Actual Loops": 1,                                                      +
                                           "Filter": "(m_creationdate <= '2012-11-28'::date)",                     +
                                           "Rows Removed by Filter": 0                                             +
                                         }                                                                         +
                                       ]                                                                           +
                                     },                                                                            +
                                     {                                                                             +
                                       "Node Type": "Result",                                                      +
                                       "Parent Relationship": "Member",                                            +
                                       "Slice": 3,                                                                 +
                                       "Segments": 1,                                                              +
                                       "Gang Type": "primary reader",                                              +
                                       "Startup Cost": 0.00,                                                       +
                                       "Total Cost": 499.19,                                                       +
                                       "Plan Rows": 164173,                                                        +
                                       "Plan Width": 74,                                                           +
                                       "Actual Startup Time": 0.038,                                               +
                                       "Actual Total Time": 143.618,                                               +
                                       "Actual Rows": 410433,                                                      +
                                       "Actual Loops": 1,                                                          +
                                       "Plans": [                                                                  +
                                         {                                                                         +
                                           "Node Type": "Seq Scan",                                                +
                                           "Parent Relationship": "Outer",                                         +
                                           "Slice": 3,                                                             +
                                           "Segments": 1,                                                          +
                                           "Gang Type": "primary reader",                                          +
                                           "Relation Name": "comment_p4",                                          +
                                           "Alias": "comment_p4",                                                  +
                                           "Startup Cost": 0.00,                                                   +
                                           "Total Cost": 487.05,                                                   +
                                           "Plan Rows": 164173,                                                    +
                                           "Plan Width": 58,                                                       +
                                           "Actual Startup Time": 0.035,                                           +
                                           "Actual Total Time": 103.925,                                           +
                                           "Actual Rows": 410433,                                                  +
                                           "Actual Loops": 1,                                                      +
                                           "Filter": "(m_creationdate <= '2012-11-28'::date)",                     +
                                           "Rows Removed by Filter": 0                                             +
                                         }                                                                         +
                                       ]                                                                           +
                                     },                                                                            +
                                     {                                                                             +
                                       "Node Type": "Result",                                                      +
                                       "Parent Relationship": "Member",                                            +
                                       "Slice": 3,                                                                 +
                                       "Segments": 1,                                                              +
                                       "Gang Type": "primary reader",                                              +
                                       "Startup Cost": 0.00,                                                       +
                                       "Total Cost": 499.19,                                                       +
                                       "Plan Rows": 164173,                                                        +
                                       "Plan Width": 74,                                                           +
                                       "Actual Startup Time": 0.041,                                               +
                                       "Actual Total Time": 138.925,                                               +
                                       "Actual Rows": 410433,                                                      +
                                       "Actual Loops": 1,                                                          +
                                       "Plans": [                                                                  +
                                         {                                                                         +
                                           "Node Type": "Seq Scan",                                                +
                                           "Parent Relationship": "Outer",                                         +
                                           "Slice": 3,                                                             +
                                           "Segments": 1,                                                          +
                                           "Gang Type": "primary reader",                                          +
                                           "Relation Name": "comment_p5",                                          +
                                           "Alias": "comment_p5",                                                  +
                                           "Startup Cost": 0.00,                                                   +
                                           "Total Cost": 487.05,                                                   +
                                           "Plan Rows": 164173,                                                    +
                                           "Plan Width": 58,                                                       +
                                           "Actual Startup Time": 0.038,                                           +
                                           "Actual Total Time": 100.122,                                           +
                                           "Actual Rows": 410433,                                                  +
                                           "Actual Loops": 1,                                                      +
                                           "Filter": "(m_creationdate <= '2012-11-28'::date)",                     +
                                           "Rows Removed by Filter": 0                                             +
                                         }                                                                         +
                                       ]                                                                           +
                                     }                                                                             +
                                   ]                                                                               +
                                 }                                                                                 +
                               ]                                                                                   +
                             }                                                                                     +
                           ]                                                                                       +
                         },                                                                                        +
                         {                                                                                         +
                           "Node Type": "Hash",                                                                    +
                           "Parent Relationship": "Inner",                                                         +
                           "Slice": 3,                                                                             +
                           "Segments": 1,                                                                          +
                           "Gang Type": "primary reader",                                                          +
                           "Startup Cost": 2164.00,                                                                +
                           "Total Cost": 2164.00,                                                                  +
                           "Plan Rows": 47,                                                                        +
                           "Plan Width": 22,                                                                       +
                           "Actual Startup Time": 7.221,                                                           +
                           "Actual Total Time": 7.221,                                                             +
                           "Actual Rows": 9,                                                                       +
                           "Actual Loops": 1,                                                                      +
                           "Plans": [                                                                              +
                             {                                                                                     +
                               "Node Type": "Broadcast Motion",                                                    +
                               "Senders": 1,                                                                       +
                               "Receivers": 1,                                                                     +
                               "Parent Relationship": "Outer",                                                     +
                               "Slice": 2,                                                                         +
                               "Segments": 1,                                                                      +
                               "Gang Type": "primary reader",                                                      +
                               "Startup Cost": 0.00,                                                               +
                               "Total Cost": 2164.00,                                                              +
                               "Plan Rows": 47,                                                                    +
                               "Plan Width": 22,                                                                   +
                               "Actual Startup Time": 7.207,                                                       +
                               "Actual Total Time": 7.209,                                                         +
                               "Actual Rows": 9,                                                                   +
                               "Actual Loops": 1,                                                                  +
                               "Plans": [                                                                          +
                                 {                                                                                 +
                                   "Node Type": "Hash Join",                                                       +
                                   "Parent Relationship": "Outer",                                                 +
                                   "Slice": 2,                                                                     +
                                   "Segments": 1,                                                                  +
                                   "Gang Type": "primary reader",                                                  +
                                   "Join Type": "Inner",                                                           +
                                   "Startup Cost": 0.00,                                                           +
                                   "Total Cost": 2163.95,                                                          +
                                   "Plan Rows": 47,                                                                +
                                   "Plan Width": 22,                                                               +
                                   "Actual Startup Time": 2.441,                                                   +
                                   "Actual Total Time": 9.210,                                                     +
                                   "Actual Rows": 9,                                                               +
                                   "Actual Loops": 1,                                                              +
                                   "Hash Cond": "(person_p1.p_personid = knows.k_person2id)",                      +
                                   "Extra Text": [                                                                 +
                                     {                                                                             +
                                       "Extra Text": "Hash chain length 1.0 avg, 1 max, using 9 of 262144 buckets."+
                                     }                                                                             +
                                   ],                                                                              +
                                   "Plans": [                                                                      +
                                     {                                                                             +
                                       "Node Type": "Append",                                                      +
                                       "Parent Relationship": "Outer",                                             +
                                       "Slice": 2,                                                                 +
                                       "Segments": 1,                                                              +
                                       "Gang Type": "primary reader",                                              +
                                       "Startup Cost": 0.00,                                                       +
                                       "Total Cost": 2156.06,                                                      +
                                       "Plan Rows": 9890,                                                          +
                                       "Plan Width": 22,                                                           +
                                       "Actual Startup Time": 0.017,                                               +
                                       "Actual Total Time": 4.999,                                                 +
                                       "Actual Rows": 9890,                                                        +
                                       "Actual Loops": 1,                                                          +
                                       "Plans": [                                                                  +
                                         {                                                                         +
                                           "Node Type": "Result",                                                  +
                                           "Parent Relationship": "Member",                                        +
                                           "Slice": 2,                                                             +
                                           "Segments": 1,                                                          +
                                           "Gang Type": "primary reader",                                          +
                                           "Startup Cost": 0.00,                                                   +
                                           "Total Cost": 431.18,                                                   +
                                           "Plan Rows": 1978,                                                      +
                                           "Plan Width": 22,                                                       +
                                           "Actual Startup Time": 0.017,                                           +
                                           "Actual Total Time": 0.746,                                             +
                                           "Actual Rows": 1978,                                                    +
                                           "Actual Loops": 1,                                                      +
                                           "Plans": [                                                              +
                                             {                                                                     +
                                               "Node Type": "Seq Scan",                                            +
                                               "Parent Relationship": "Outer",                                     +
                                               "Slice": 2,                                                         +
                                               "Segments": 1,                                                      +
                                               "Gang Type": "primary reader",                                      +
                                               "Relation Name": "person_p1",                                       +
                                               "Alias": "person_p1",                                               +
                                               "Startup Cost": 0.00,                                               +
                                               "Total Cost": 431.08,                                               +
                                               "Plan Rows": 1978,                                                  +
                                               "Plan Width": 14,                                                   +
                                               "Actual Startup Time": 0.016,                                       +
                                               "Actual Total Time": 0.450,                                         +
                                               "Actual Rows": 1978,                                                +
                                               "Actual Loops": 1                                                   +
                                             }                                                                     +
                                           ]                                                                       +
                                         },                                                                        +
                                         {                                                                         +
                                           "Node Type": "Result",                                                  +
                                           "Parent Relationship": "Member",                                        +
                                           "Slice": 2,                                                             +
                                           "Segments": 1,                                                          +
                                           "Gang Type": "primary reader",                                          +
                                           "Startup Cost": 0.00,                                                   +
                                           "Total Cost": 431.18,                                                   +
                                           "Plan Rows": 1978,                                                      +
                                           "Plan Width": 22,                                                       +
                                           "Actual Startup Time": 0.014,                                           +
                                           "Actual Total Time": 0.782,                                             +
                                           "Actual Rows": 1978,                                                    +
                                           "Actual Loops": 1,                                                      +
                                           "Plans": [                                                              +
                                             {                                                                     +
                                               "Node Type": "Seq Scan",                                            +
                                               "Parent Relationship": "Outer",                                     +
                                               "Slice": 2,                                                         +
                                               "Segments": 1,                                                      +
                                               "Gang Type": "primary reader",                                      +
                                               "Relation Name": "person_p2",                                       +
                                               "Alias": "person_p2",                                               +
                                               "Startup Cost": 0.00,                                               +
                                               "Total Cost": 431.08,                                               +
                                               "Plan Rows": 1978,                                                  +
                                               "Plan Width": 14,                                                   +
                                               "Actual Startup Time": 0.013,                                       +
                                               "Actual Total Time": 0.466,                                         +
                                               "Actual Rows": 1978,                                                +
                                               "Actual Loops": 1                                                   +
                                             }                                                                     +
                                           ]                                                                       +
                                         },                                                                        +
                                         {                                                                         +
                                           "Node Type": "Result",                                                  +
                                           "Parent Relationship": "Member",                                        +
                                           "Slice": 2,                                                             +
                                           "Segments": 1,                                                          +
                                           "Gang Type": "primary reader",                                          +
                                           "Startup Cost": 0.00,                                                   +
                                           "Total Cost": 431.18,                                                   +
                                           "Plan Rows": 1978,                                                      +
                                           "Plan Width": 24,                                                       +
                                           "Actual Startup Time": 0.014,                                           +
                                           "Actual Total Time": 0.771,                                             +
                                           "Actual Rows": 1978,                                                    +
                                           "Actual Loops": 1,                                                      +
                                           "Plans": [                                                              +
                                             {                                                                     +
                                               "Node Type": "Seq Scan",                                            +
                                               "Parent Relationship": "Outer",                                     +
                                               "Slice": 2,                                                         +
                                               "Segments": 1,                                                      +
                                               "Gang Type": "primary reader",                                      +
                                               "Relation Name": "person_p3",                                       +
                                               "Alias": "person_p3",                                               +
                                               "Startup Cost": 0.00,                                               +
                                               "Total Cost": 431.08,                                               +
                                               "Plan Rows": 1978,                                                  +
                                               "Plan Width": 14,                                                   +
                                               "Actual Startup Time": 0.014,                                       +
                                               "Actual Total Time": 0.450,                                         +
                                               "Actual Rows": 1978,                                                +
                                               "Actual Loops": 1                                                   +
                                             }                                                                     +
                                           ]                                                                       +
                                         },                                                                        +
                                         {                                                                         +
                                           "Node Type": "Result",                                                  +
                                           "Parent Relationship": "Member",                                        +
                                           "Slice": 2,                                                             +
                                           "Segments": 1,                                                          +
                                           "Gang Type": "primary reader",                                          +
                                           "Startup Cost": 0.00,                                                   +
                                           "Total Cost": 431.16,                                                   +
                                           "Plan Rows": 1978,                                                      +
                                           "Plan Width": 24,                                                       +
                                           "Actual Startup Time": 0.014,                                           +
                                           "Actual Total Time": 0.741,                                             +
                                           "Actual Rows": 1978,                                                    +
                                           "Actual Loops": 1,                                                      +
                                           "Plans": [                                                              +
                                             {                                                                     +
                                               "Node Type": "Seq Scan",                                            +
                                               "Parent Relationship": "Outer",                                     +
                                               "Slice": 2,                                                         +
                                               "Segments": 1,                                                      +
                                               "Gang Type": "primary reader",                                      +
                                               "Relation Name": "person_p4",                                       +
                                               "Alias": "person_p4",                                               +
                                               "Startup Cost": 0.00,                                               +
                                               "Total Cost": 431.08,                                               +
                                               "Plan Rows": 1978,                                                  +
                                               "Plan Width": 8,                                                    +
                                               "Actual Startup Time": 0.014,                                       +
                                               "Actual Total Time": 0.430,                                         +
                                               "Actual Rows": 1978,                                                +
                                               "Actual Loops": 1                                                   +
                                             }                                                                     +
                                           ]                                                                       +
                                         },                                                                        +
                                         {                                                                         +
                                           "Node Type": "Result",                                                  +
                                           "Parent Relationship": "Member",                                        +
                                           "Slice": 2,                                                             +
                                           "Segments": 1,                                                          +
                                           "Gang Type": "primary reader",                                          +
                                           "Startup Cost": 0.00,                                                   +
                                           "Total Cost": 431.16,                                                   +
                                           "Plan Rows": 1978,                                                      +
                                           "Plan Width": 24,                                                       +
                                           "Actual Startup Time": 0.016,                                           +
                                           "Actual Total Time": 0.751,                                             +
                                           "Actual Rows": 1978,                                                    +
                                           "Actual Loops": 1,                                                      +
                                           "Plans": [                                                              +
                                             {                                                                     +
                                               "Node Type": "Seq Scan",                                            +
                                               "Parent Relationship": "Outer",                                     +
                                               "Slice": 2,                                                         +
                                               "Segments": 1,                                                      +
                                               "Gang Type": "primary reader",                                      +
                                               "Relation Name": "person_p5",                                       +
                                               "Alias": "person_p5",                                               +
                                               "Startup Cost": 0.00,                                               +
                                               "Total Cost": 431.08,                                               +
                                               "Plan Rows": 1978,                                                  +
                                               "Plan Width": 8,                                                    +
                                               "Actual Startup Time": 0.016,                                       +
                                               "Actual Total Time": 0.429,                                         +
                                               "Actual Rows": 1978,                                                +
                                               "Actual Loops": 1                                                   +
                                             }                                                                     +
                                           ]                                                                       +
                                         }                                                                         +
                                       ]                                                                           +
                                     },                                                                            +
                                     {                                                                             +
                                       "Node Type": "Hash",                                                        +
                                       "Parent Relationship": "Inner",                                             +
                                       "Slice": 2,                                                                 +
                                       "Segments": 1,                                                              +
                                       "Gang Type": "primary reader",                                              +
                                       "Startup Cost": 6.02,                                                       +
                                       "Total Cost": 6.02,                                                         +
                                       "Plan Rows": 47,                                                            +
                                       "Plan Width": 8,                                                            +
                                       "Actual Startup Time": 0.014,                                               +
                                       "Actual Total Time": 0.014,                                                 +
                                       "Actual Rows": 9,                                                           +
                                       "Actual Loops": 1,                                                          +
                                       "Plans": [                                                                  +
                                         {                                                                         +
                                           "Node Type": "Redistribute Motion",                                     +
                                           "Senders": 1,                                                           +
                                           "Receivers": 1,                                                         +
                                           "Parent Relationship": "Outer",                                         +
                                           "Slice": 1,                                                             +
                                           "Segments": 1,                                                          +
                                           "Gang Type": "primary reader",                                          +
                                           "Startup Cost": 0.00,                                                   +
                                           "Total Cost": 6.02,                                                     +
                                           "Plan Rows": 47,                                                        +
                                           "Plan Width": 8,                                                        +
                                           "Actual Startup Time": 0.008,                                           +
                                           "Actual Total Time": 0.010,                                             +
                                           "Actual Rows": 9,                                                       +
                                           "Actual Loops": 1,                                                      +
                                           "Hash Key": "knows.k_person2id",                                        +
                                           "Plans": [                                                              +
                                             {                                                                     +
                                               "Node Type": "Index Scan",                                          +
                                               "Parent Relationship": "Outer",                                     +
                                               "Slice": 1,                                                         +
                                               "Segments": 1,                                                      +
                                               "Gang Type": "primary reader",                                      +
                                               "Scan Direction": "Forward",                                        +
                                               "Index Name": "knows_person1id",                                    +
                                               "Relation Name": "knows",                                           +
                                               "Alias": "knows",                                                   +
                                               "Startup Cost": 0.00,                                               +
                                               "Total Cost": 6.02,                                                 +
                                               "Plan Rows": 47,                                                    +
                                               "Plan Width": 8,                                                    +
                                               "Actual Startup Time": 0.256,                                       +
                                               "Actual Total Time": 0.640,                                         +
                                               "Actual Rows": 9,                                                   +
                                               "Actual Loops": 1,                                                  +
                                               "Index Cond": "(k_person1id = 17592186052613::bigint)",             +
                                               "Rows Removed by Index Recheck": 0                                  +
                                             }                                                                     +
                                           ]                                                                       +
                                         }                                                                         +
                                       ]                                                                           +
                                     }                                                                             +
                                   ]                                                                               +
                                 }                                                                                 +
                               ]                                                                                   +
                             }                                                                                     +
                           ]                                                                                       +
                         }                                                                                         +
                       ]                                                                                           +
                     }                                                                                             +
                   ]                                                                                               +
                 }                                                                                                 +
               ]                                                                                                   +
             }                                                                                                     +
           ]                                                                                                       +
         }                                                                                                         +
       ]                                                                                                           +
     },                                                                                                            +
     "Planning Time": 1116.904,                                                                                    +
     "Triggers": [                                                                                                 +
     ],                                                                                                            +
     "Slice statistics": [                                                                                         +
       {                                                                                                           +
         "Slice": 0,                                                                                               +
         "Executor Memory": 684664,                                                                                +
         "Work Maximum Memory": 65768                                                                              +
       },                                                                                                          +
       {                                                                                                           +
         "Slice": 1,                                                                                               +
         "Executor Memory": 60592                                                                                  +
       },                                                                                                          +
       {                                                                                                           +
         "Slice": 2,                                                                                               +
         "Executor Memory": 2260024,                                                                               +
         "Work Maximum Memory": 288                                                                                +
       },                                                                                                          +
       {                                                                                                           +
         "Slice": 3,                                                                                               +
         "Executor Memory": 2391096,                                                                               +
         "Work Maximum Memory": 336                                                                                +
       }                                                                                                           +
     ],                                                                                                            +
     "Statement statistics": {                                                                                     +
       "Memory used": 128000,                                                                                      +
       "Memory wanted": 4647                                                                                       +
     },                                                                                                            +
     "Settings": {                                                                                                 +
       "Optimizer": "Pivotal Optimizer (GPORCA)"                                                                   +
     },                                                                                                            +
     "Execution Time": 2177.007                                                                                    +
   }                                                                                                               +
 ]
(1 row)

